<?xml version="1.0" encoding="UTF-8"?>
<!-- Generated by org.testng.reporters.JUnitReportReporter -->
<testsuite skipped="0" hostname="DESKTOP-8V1FFTS" name="Utils.ExcelDataProvider" tests="3" failures="0" timestamp="2021-08-03T03:25:57 IST" time="11.063" errors="0">
  <testcase name="Test1" time="1.816" classname="Utils.ExcelDataProvider"/>
  <system-out/>
  <testcase name="Test1" time="7.051" classname="Utils.ExcelDataProvider"/>
  <system-out/>
  <testcase name="Test1" time="2.196" classname="Utils.ExcelDataProvider"/>
  <system-out/>
</testsuite> <!-- Utils.ExcelDataProvider -->
