<?xml version="1.0" encoding="UTF-8"?>
<!-- Generated by org.testng.reporters.JUnitReportReporter -->
<testsuite skipped="0" hostname="DESKTOP-8V1FFTS" name="Listener.TestNGDemo" tests="3" failures="0" timestamp="2021-08-03T03:52:09 IST" time="0.061" errors="0">
  <testcase name="test1" time="0.043" classname="Listener.TestNGDemo"/>
  <system-out/>
  <testcase name="test3" time="0.006" classname="Listener.TestNGDemo"/>
  <system-out/>
  <testcase name="test2" time="0.012" classname="Listener.TestNGDemo"/>
  <system-out/>
</testsuite> <!-- Listener.TestNGDemo -->
