<?xml version="1.0" encoding="UTF-8"?>
<!-- Generated by org.testng.reporters.JUnitReportReporter -->
<testsuite skipped="0" hostname="DESKTOP-8V1FFTS" name="Test.searchTest" tests="1" failures="0" timestamp="2021-08-02T07:50:02 IST" time="12.659" errors="0">
  <testcase name="googlesearchtest" time="12.659" classname="Test.searchTest"/>
  <system-out/>
</testsuite> <!-- Test.searchTest -->
