<?xml version="1.0" encoding="UTF-8"?>
<!-- Generated by org.testng.reporters.JUnitReportReporter -->
<testsuite skipped="0" hostname="DESKTOP-8V1FFTS" name="Test.ExtentReport" tests="2" failures="0" timestamp="2021-08-02T05:36:40 IST" time="0.092" errors="0">
  <testcase name="Test1" time="0.071" classname="Test.ExtentReport"/>
  <system-out/>
  <testcase name="Test2" time="0.021" classname="Test.ExtentReport"/>
  <system-out/>
</testsuite> <!-- Test.ExtentReport -->
